QA output created by 1977
pcp2opentelemetry invocation
pcp2opentelemetry HTTP POST (sorted):
INFO:root:Starting httpd...

INFO:root:POST request,
Path: /receive
Headers:
Host: localhost:PORT
User-Agent: python-requests VERSION
Accept: */*
Content-Type: application/json
Content-Length: SIZE



Body:
{
  "resourceMetrics": [
    {
      "resource": {
	"attributes": [
	  {
	    "os.type": "linux",
	    "service.name": "pcp",
	    "telemetry.sdk.language": "python",
	    "telemetry.sdk.name": "opentelemetry",
	    "telemetry.sdk.version": "1.24.0"
	  },
	  {
	    "server.address": "http://localhost:54321/receive"
	  }
	]
      },
      "scopeMetrics": [
	{
	  "metrics": [
	    {
	      "description": "number of CPUs in the system",
	      "gauge": {
		"dataPoints": [
		  {
		    "asDouble": NCPU,
		    "attributes": [
		      {
			"agent": "linux-gnu"
			"domainname": DOMAINID,
			"groupid": 4209557,
			"hostname": HOSTNAME,
			"machineid": MACHINEID,
			"semantics": "discrete",
			"type": "u32",
			"userid": GROUPID
		      }
		    ],
		    "startTimeUnixNano": TIME
		  }
		]
	      },
	      "name": "hinv.ncpu",
	      "unit": "none"
	    }
	  ],
	  "scope": {
	    "name": "pcp.hinv",
	    "version": 1
	  }
	}
      ]
    }
  ]
}

